# JRE version: OpenJDK Runtime Environment (21.0.6) (build 21.0.6+-13368085-b895.109)
# Java VM: OpenJDK 64-Bit Server VM (21.0.6+-13368085-b895.109, mixed mode, tiered, compressed oops, compressed class ptrs, g1 gc, windows-amd64)
GC Precious Log:
 CardTable entry size: 512
 Card Set container configuration: InlinePtr #cards 5 size 8 Array Of Cards #cards 12 size 40 Howl #buckets 4 coarsen threshold 1843 Howl Bitmap #cards 512 size 80 coarsen threshold 460 Card regions per heap region 1 cards per card region 2048
 CPUs: 4 total, 4 available
 Memory: 3998M
 Large Page Support: Disabled
 NUMA Support: Disabled
 Compressed Oops: Enabled (32-bit)
 Heap Region Size: 1M
 Heap Min Capacity: 8M
 Heap Initial Capacity: 64M
 Heap Max Capacity: 2G
 Pre-touch: Disabled
 Parallel Workers: 4
 Concurrent Workers: 1
 Concurrent Refinement Workers: 4
 Periodic GC: Disabled
Heap:
 garbage-first heap   total 273408K, used 181929K [0x0000000080000000, 0x0000000100000000)
  region size 1024K, 22 young (22528K), 3 survivors (3072K)
 Metaspace       used 128501K, committed 130816K, reserved 557056K
  class space    used 17585K, committed 18752K, reserved 425984K
GC Heap History (20 events):
Event: 22.321 GC heap before
{Heap before GC invocations=43 (full 0):
 garbage-first heap   total 181248K, used 167409K [0x0000000080000000, 0x0000000100000000)
  region size 1024K, 61 young (62464K), 3 survivors (3072K)
 Metaspace       used 113411K, committed 115648K, reserved 557056K
  class space    used 15634K, committed 16768K, reserved 425984K
}
Event: 22.330 GC heap after
{Heap after GC invocations=44 (full 0):
 garbage-first heap   total 218112K, used 109666K [0x0000000080000000, 0x0000000100000000)
  region size 1024K, 5 young (5120K), 5 survivors (5120K)
 Metaspace       used 113411K, committed 115648K, reserved 557056K
  class space    used 15634K, committed 16768K, reserved 425984K
}
Event: 23.780 GC heap before
{Heap before GC invocations=44 (full 0):
 garbage-first heap   total 218112K, used 203874K [0x0000000080000000, 0x0000000100000000)
  region size 1024K, 93 young (95232K), 5 survivors (5120K)
 Metaspace       used 117525K, committed 119744K, reserved 557056K
  class space    used 16037K, committed 17152K, reserved 425984K
}
Event: 23.795 GC heap after
{Heap after GC invocations=45 (full 0):
 garbage-first heap   total 218112K, used 115851K [0x0000000080000000, 0x0000000100000000)
  region size 1024K, 11 young (11264K), 11 survivors (11264K)
 Metaspace       used 117525K, committed 119744K, reserved 557056K
  class space    used 16037K, committed 17152K, reserved 425984K
}
Event: 25.294 GC heap before
{Heap before GC invocations=45 (full 0):
 garbage-first heap   total 218112K, used 193675K [0x0000000080000000, 0x0000000100000000)
  region size 1024K, 87 young (89088K), 11 survivors (11264K)
 Metaspace       used 117722K, committed 120000K, reserved 557056K
  class space    used 16074K, committed 17216K, reserved 425984K
}
Event: 25.311 GC heap after
{Heap after GC invocations=46 (full 0):
 garbage-first heap   total 218112K, used 118364K [0x0000000080000000, 0x0000000100000000)
  region size 1024K, 3 young (3072K), 3 survivors (3072K)
 Metaspace       used 117722K, committed 120000K, reserved 557056K
  class space    used 16074K, committed 17216K, reserved 425984K
}
Event: 25.453 GC heap before
{Heap before GC invocations=46 (full 0):
 garbage-first heap   total 218112K, used 128604K [0x0000000080000000, 0x0000000100000000)
  region size 1024K, 14 young (14336K), 3 survivors (3072K)
 Metaspace       used 118276K, committed 120576K, reserved 557056K
  class space    used 16147K, committed 17280K, reserved 425984K
}
Event: 25.459 GC heap after
{Heap after GC invocations=47 (full 0):
 garbage-first heap   total 218112K, used 119370K [0x0000000080000000, 0x0000000100000000)
  region size 1024K, 4 young (4096K), 4 survivors (4096K)
 Metaspace       used 118276K, committed 120576K, reserved 557056K
  class space    used 16147K, committed 17280K, reserved 425984K
}
Event: 27.743 GC heap before
{Heap before GC invocations=48 (full 0):
 garbage-first heap   total 218112K, used 208458K [0x0000000080000000, 0x0000000100000000)
  region size 1024K, 83 young (84992K), 4 survivors (4096K)
 Metaspace       used 119287K, committed 121536K, reserved 557056K
  class space    used 16354K, committed 17472K, reserved 425984K
}
Event: 27.774 GC heap after
{Heap after GC invocations=49 (full 0):
 garbage-first heap   total 225280K, used 139264K [0x0000000080000000, 0x0000000100000000)
  region size 1024K, 11 young (11264K), 11 survivors (11264K)
 Metaspace       used 119287K, committed 121536K, reserved 557056K
  class space    used 16354K, committed 17472K, reserved 425984K
}
Event: 34.375 GC heap before
{Heap before GC invocations=49 (full 0):
 garbage-first heap   total 225280K, used 206848K [0x0000000080000000, 0x0000000100000000)
  region size 1024K, 73 young (74752K), 11 survivors (11264K)
 Metaspace       used 119747K, committed 122112K, reserved 557056K
  class space    used 16410K, committed 17600K, reserved 425984K
}
Event: 34.396 GC heap after
{Heap after GC invocations=50 (full 0):
 garbage-first heap   total 228352K, used 149194K [0x0000000080000000, 0x0000000100000000)
  region size 1024K, 7 young (7168K), 7 survivors (7168K)
 Metaspace       used 119747K, committed 122112K, reserved 557056K
  class space    used 16410K, committed 17600K, reserved 425984K
}
Event: 35.210 GC heap before
{Heap before GC invocations=50 (full 0):
 garbage-first heap   total 228352K, used 208586K [0x0000000080000000, 0x0000000100000000)
  region size 1024K, 65 young (66560K), 7 survivors (7168K)
 Metaspace       used 125211K, committed 127488K, reserved 557056K
  class space    used 17147K, committed 18304K, reserved 425984K
}
Event: 35.227 GC heap after
{Heap after GC invocations=51 (full 0):
 garbage-first heap   total 228352K, used 153088K [0x0000000080000000, 0x0000000100000000)
  region size 1024K, 4 young (4096K), 4 survivors (4096K)
 Metaspace       used 125211K, committed 127488K, reserved 557056K
  class space    used 17147K, committed 18304K, reserved 425984K
}
Event: 36.253 GC heap before
{Heap before GC invocations=52 (full 0):
 garbage-first heap   total 256000K, used 210432K [0x0000000080000000, 0x0000000100000000)
  region size 1024K, 60 young (61440K), 4 survivors (4096K)
 Metaspace       used 127785K, committed 130048K, reserved 557056K
  class space    used 17464K, committed 18624K, reserved 425984K
}
Event: 36.267 GC heap after
{Heap after GC invocations=53 (full 0):
 garbage-first heap   total 256000K, used 159340K [0x0000000080000000, 0x0000000100000000)
  region size 1024K, 8 young (8192K), 8 survivors (8192K)
 Metaspace       used 127785K, committed 130048K, reserved 557056K
  class space    used 17464K, committed 18624K, reserved 425984K
}
Event: 36.580 GC heap before
{Heap before GC invocations=53 (full 0):
 garbage-first heap   total 256000K, used 235116K [0x0000000080000000, 0x0000000100000000)
  region size 1024K, 81 young (82944K), 8 survivors (8192K)
 Metaspace       used 127971K, committed 130368K, reserved 557056K
  class space    used 17494K, committed 18688K, reserved 425984K
}
Event: 36.594 GC heap after
{Heap after GC invocations=54 (full 0):
 garbage-first heap   total 256000K, used 162324K [0x0000000080000000, 0x0000000100000000)
  region size 1024K, 7 young (7168K), 7 survivors (7168K)
 Metaspace       used 127971K, committed 130368K, reserved 557056K
  class space    used 17494K, committed 18688K, reserved 425984K
}
Event: 36.757 GC heap before
{Heap before GC invocations=54 (full 0):
 garbage-first heap   total 256000K, used 235028K [0x0000000080000000, 0x0000000100000000)
  region size 1024K, 78 young (79872K), 7 survivors (7168K)
 Metaspace       used 127971K, committed 130368K, reserved 557056K
  class space    used 17494K, committed 18688K, reserved 425984K
}
Event: 36.766 GC heap after
{Heap after GC invocations=55 (full 0):
 garbage-first heap   total 256000K, used 163497K [0x0000000080000000, 0x0000000100000000)
  region size 1024K, 3 young (3072K), 3 survivors (3072K)
 Metaspace       used 127971K, committed 130368K, reserved 557056K
  class space    used 17494K, committed 18688K, reserved 425984K
}

