# JRE version: OpenJDK Runtime Environment (21.0.6) (build 21.0.6+-13368085-b895.109)
# Java VM: OpenJDK 64-Bit Server VM (21.0.6+-13368085-b895.109, mixed mode, tiered, compressed oops, compressed class ptrs, g1 gc, windows-amd64)
GC Precious Log:
 CardTable entry size: 512
 Card Set container configuration: InlinePtr #cards 4 size 8 Array Of Cards #cards 16 size 48 Howl #buckets 8 coarsen threshold 3686 Howl Bitmap #cards 512 size 80 coarsen threshold 460 Card regions per heap region 1 cards per card region 4096
 CPUs: 4 total, 4 available
 Memory: 3998M
 Large Page Support: Disabled
 NUMA Support: Disabled
 Compressed Oops: Enabled (Zero based)
 Heap Region Size: 2M
 Heap Min Capacity: 8M
 Heap Initial Capacity: 64M
 Heap Max Capacity: 4G
 Pre-touch: Disabled
 Parallel Workers: 4
 Concurrent Workers: 1
 Concurrent Refinement Workers: 4
 Periodic GC: Disabled
Heap:
 garbage-first heap   total 65536K, used 34322K [0x0000000700000000, 0x0000000800000000)
  region size 2048K, 8 young (16384K), 2 survivors (4096K)
 Metaspace       used 32099K, committed 32832K, reserved 917504K
  class space    used 4184K, committed 4544K, reserved 851968K
GC Heap History (14 events):
Event: 0.327 GC heap before
{Heap before GC invocations=0 (full 0):
 garbage-first heap   total 65536K, used 12288K [0x0000000700000000, 0x0000000800000000)
  region size 2048K, 6 young (12288K), 0 survivors (0K)
 Metaspace       used 7375K, committed 7488K, reserved 917504K
  class space    used 665K, committed 704K, reserved 851968K
}
Event: 0.330 GC heap after
{Heap after GC invocations=1 (full 0):
 garbage-first heap   total 65536K, used 1191K [0x0000000700000000, 0x0000000800000000)
  region size 2048K, 1 young (2048K), 1 survivors (2048K)
 Metaspace       used 7375K, committed 7488K, reserved 917504K
  class space    used 665K, committed 704K, reserved 851968K
}
Event: 0.829 GC heap before
{Heap before GC invocations=1 (full 0):
 garbage-first heap   total 65536K, used 23719K [0x0000000700000000, 0x0000000800000000)
  region size 2048K, 11 young (22528K), 1 survivors (2048K)
 Metaspace       used 10647K, committed 10816K, reserved 917504K
  class space    used 1083K, committed 1152K, reserved 851968K
}
Event: 0.835 GC heap after
{Heap after GC invocations=2 (full 0):
 garbage-first heap   total 65536K, used 10627K [0x0000000700000000, 0x0000000800000000)
  region size 2048K, 2 young (4096K), 2 survivors (4096K)
 Metaspace       used 10647K, committed 10816K, reserved 917504K
  class space    used 1083K, committed 1152K, reserved 851968K
}
Event: 1.328 GC heap before
{Heap before GC invocations=2 (full 0):
 garbage-first heap   total 65536K, used 45443K [0x0000000700000000, 0x0000000800000000)
  region size 2048K, 19 young (38912K), 2 survivors (4096K)
 Metaspace       used 12178K, committed 12352K, reserved 917504K
  class space    used 1282K, committed 1344K, reserved 851968K
}
Event: 1.337 GC heap after
{Heap after GC invocations=3 (full 0):
 garbage-first heap   total 65536K, used 12168K [0x0000000700000000, 0x0000000800000000)
  region size 2048K, 1 young (2048K), 1 survivors (2048K)
 Metaspace       used 12178K, committed 12352K, reserved 917504K
  class space    used 1282K, committed 1344K, reserved 851968K
}
Event: 2.378 GC heap before
{Heap before GC invocations=3 (full 0):
 garbage-first heap   total 65536K, used 49032K [0x0000000700000000, 0x0000000800000000)
  region size 2048K, 19 young (38912K), 1 survivors (2048K)
 Metaspace       used 14315K, committed 14528K, reserved 917504K
  class space    used 1561K, committed 1664K, reserved 851968K
}
Event: 2.388 GC heap after
{Heap after GC invocations=4 (full 0):
 garbage-first heap   total 65536K, used 18162K [0x0000000700000000, 0x0000000800000000)
  region size 2048K, 3 young (6144K), 3 survivors (6144K)
 Metaspace       used 14315K, committed 14528K, reserved 917504K
  class space    used 1561K, committed 1664K, reserved 851968K
}
Event: 3.058 GC heap before
{Heap before GC invocations=4 (full 0):
 garbage-first heap   total 65536K, used 38642K [0x0000000700000000, 0x0000000800000000)
  region size 2048K, 15 young (30720K), 3 survivors (6144K)
 Metaspace       used 21191K, committed 21504K, reserved 917504K
  class space    used 2444K, committed 2624K, reserved 851968K
}
Event: 3.066 GC heap after
{Heap after GC invocations=5 (full 0):
 garbage-first heap   total 65536K, used 20970K [0x0000000700000000, 0x0000000800000000)
  region size 2048K, 2 young (4096K), 2 survivors (4096K)
 Metaspace       used 21191K, committed 21504K, reserved 917504K
  class space    used 2444K, committed 2624K, reserved 851968K
}
Event: 4.011 GC heap before
{Heap before GC invocations=6 (full 0):
 garbage-first heap   total 65536K, used 49642K [0x0000000700000000, 0x0000000800000000)
  region size 2048K, 17 young (34816K), 2 survivors (4096K)
 Metaspace       used 26625K, committed 27136K, reserved 917504K
  class space    used 3261K, committed 3520K, reserved 851968K
}
Event: 4.017 GC heap after
{Heap after GC invocations=7 (full 0):
 garbage-first heap   total 65536K, used 22194K [0x0000000700000000, 0x0000000800000000)
  region size 2048K, 2 young (4096K), 2 survivors (4096K)
 Metaspace       used 26625K, committed 27136K, reserved 917504K
  class space    used 3261K, committed 3520K, reserved 851968K
}
Event: 4.805 GC heap before
{Heap before GC invocations=7 (full 0):
 garbage-first heap   total 65536K, used 52914K [0x0000000700000000, 0x0000000800000000)
  region size 2048K, 17 young (34816K), 2 survivors (4096K)
 Metaspace       used 30618K, committed 31232K, reserved 917504K
  class space    used 3948K, committed 4224K, reserved 851968K
}
Event: 4.817 GC heap after
{Heap after GC invocations=8 (full 0):
 garbage-first heap   total 65536K, used 24082K [0x0000000700000000, 0x0000000800000000)
  region size 2048K, 2 young (4096K), 2 survivors (4096K)
 Metaspace       used 30618K, committed 31232K, reserved 917504K
  class space    used 3948K, committed 4224K, reserved 851968K
}

