# JRE version: OpenJDK Runtime Environment (21.0.6) (build 21.0.6+-13368085-b895.109)
# Java VM: OpenJDK 64-Bit Server VM (21.0.6+-13368085-b895.109, mixed mode, tiered, compressed oops, compressed class ptrs, g1 gc, windows-amd64)
GC Precious Log:
 CardTable entry size: 512
 Card Set container configuration: InlinePtr #cards 5 size 8 Array Of Cards #cards 12 size 40 Howl #buckets 4 coarsen threshold 1843 Howl Bitmap #cards 512 size 80 coarsen threshold 460 Card regions per heap region 1 cards per card region 2048
 CPUs: 4 total, 4 available
 Memory: 3998M
 Large Page Support: Disabled
 NUMA Support: Disabled
 Compressed Oops: Enabled (32-bit)
 Heap Region Size: 1M
 Heap Min Capacity: 8M
 Heap Initial Capacity: 64M
 Heap Max Capacity: 2G
 Pre-touch: Disabled
 Parallel Workers: 4
 Concurrent Workers: 1
 Concurrent Refinement Workers: 4
 Periodic GC: Disabled
Heap:
 garbage-first heap   total 263168K, used 218112K [0x0000000080000000, 0x0000000100000000)
  region size 1024K, 67 young (68608K), 7 survivors (7168K)
 Metaspace       used 131661K, committed 134016K, reserved 557056K
  class space    used 17964K, committed 19136K, reserved 425984K
GC Heap History (20 events):
Event: 22.399 GC heap before
{Heap before GC invocations=42 (full 0):
 garbage-first heap   total 202752K, used 169655K [0x0000000080000000, 0x0000000100000000)
  region size 1024K, 71 young (72704K), 7 survivors (7168K)
 Metaspace       used 106491K, committed 108672K, reserved 557056K
  class space    used 14573K, committed 15680K, reserved 425984K
}
Event: 22.414 GC heap after
{Heap after GC invocations=43 (full 0):
 garbage-first heap   total 202752K, used 107146K [0x0000000080000000, 0x0000000100000000)
  region size 1024K, 7 young (7168K), 7 survivors (7168K)
 Metaspace       used 106491K, committed 108672K, reserved 557056K
  class space    used 14573K, committed 15680K, reserved 425984K
}
Event: 23.456 GC heap before
{Heap before GC invocations=43 (full 0):
 garbage-first heap   total 202752K, used 179850K [0x0000000080000000, 0x0000000100000000)
  region size 1024K, 78 young (79872K), 7 survivors (7168K)
 Metaspace       used 111937K, committed 114176K, reserved 557056K
  class space    used 15418K, committed 16576K, reserved 425984K
}
Event: 23.471 GC heap after
{Heap after GC invocations=44 (full 0):
 garbage-first heap   total 202752K, used 109726K [0x0000000080000000, 0x0000000100000000)
  region size 1024K, 5 young (5120K), 5 survivors (5120K)
 Metaspace       used 111937K, committed 114176K, reserved 557056K
  class space    used 15418K, committed 16576K, reserved 425984K
}
Event: 24.299 GC heap before
{Heap before GC invocations=44 (full 0):
 garbage-first heap   total 202752K, used 165022K [0x0000000080000000, 0x0000000100000000)
  region size 1024K, 60 young (61440K), 5 survivors (5120K)
 Metaspace       used 116159K, committed 118464K, reserved 557056K
  class space    used 15973K, committed 17152K, reserved 425984K
}
Event: 24.310 GC heap after
{Heap after GC invocations=45 (full 0):
 garbage-first heap   total 202752K, used 113625K [0x0000000080000000, 0x0000000100000000)
  region size 1024K, 9 young (9216K), 9 survivors (9216K)
 Metaspace       used 116159K, committed 118464K, reserved 557056K
  class space    used 15973K, committed 17152K, reserved 425984K
}
Event: 25.076 GC heap before
{Heap before GC invocations=46 (full 0):
 garbage-first heap   total 202752K, used 185305K [0x0000000080000000, 0x0000000100000000)
  region size 1024K, 75 young (76800K), 9 survivors (9216K)
 Metaspace       used 117447K, committed 119744K, reserved 557056K
  class space    used 16025K, committed 17216K, reserved 425984K
}
Event: 25.092 GC heap after
{Heap after GC invocations=47 (full 0):
 garbage-first heap   total 202752K, used 117481K [0x0000000080000000, 0x0000000100000000)
  region size 1024K, 8 young (8192K), 8 survivors (8192K)
 Metaspace       used 117447K, committed 119744K, reserved 557056K
  class space    used 16025K, committed 17216K, reserved 425984K
}
Event: 25.569 GC heap before
{Heap before GC invocations=47 (full 0):
 garbage-first heap   total 202752K, used 181993K [0x0000000080000000, 0x0000000100000000)
  region size 1024K, 72 young (73728K), 8 survivors (8192K)
 Metaspace       used 117894K, committed 120192K, reserved 557056K
  class space    used 16113K, committed 17280K, reserved 425984K
}
Event: 25.591 GC heap after
{Heap after GC invocations=48 (full 0):
 garbage-first heap   total 202752K, used 118784K [0x0000000080000000, 0x0000000100000000)
  region size 1024K, 7 young (7168K), 7 survivors (7168K)
 Metaspace       used 117894K, committed 120192K, reserved 557056K
  class space    used 16113K, committed 17280K, reserved 425984K
}
Event: 25.687 GC heap before
{Heap before GC invocations=48 (full 0):
 garbage-first heap   total 202752K, used 124928K [0x0000000080000000, 0x0000000100000000)
  region size 1024K, 14 young (14336K), 7 survivors (7168K)
 Metaspace       used 118030K, committed 120320K, reserved 557056K
  class space    used 16134K, committed 17280K, reserved 425984K
}
Event: 25.701 GC heap after
{Heap after GC invocations=49 (full 0):
 garbage-first heap   total 243712K, used 120025K [0x0000000080000000, 0x0000000100000000)
  region size 1024K, 4 young (4096K), 4 survivors (4096K)
 Metaspace       used 118030K, committed 120320K, reserved 557056K
  class space    used 16134K, committed 17280K, reserved 425984K
}
Event: 25.708 GC heap before
{Heap before GC invocations=49 (full 0):
 garbage-first heap   total 243712K, used 121049K [0x0000000080000000, 0x0000000100000000)
  region size 1024K, 5 young (5120K), 4 survivors (4096K)
 Metaspace       used 118030K, committed 120320K, reserved 557056K
  class space    used 16134K, committed 17280K, reserved 425984K
}
Event: 25.714 GC heap after
{Heap after GC invocations=50 (full 0):
 garbage-first heap   total 243712K, used 121108K [0x0000000080000000, 0x0000000100000000)
  region size 1024K, 4 young (4096K), 4 survivors (4096K)
 Metaspace       used 118030K, committed 120320K, reserved 557056K
  class space    used 16134K, committed 17280K, reserved 425984K
}
Event: 26.990 GC heap before
{Heap before GC invocations=51 (full 0):
 garbage-first heap   total 243712K, used 226580K [0x0000000080000000, 0x0000000100000000)
  region size 1024K, 99 young (101376K), 4 survivors (4096K)
 Metaspace       used 119152K, committed 121536K, reserved 557056K
  class space    used 16342K, committed 17536K, reserved 425984K
}
Event: 27.004 GC heap after
{Heap after GC invocations=52 (full 0):
 garbage-first heap   total 243712K, used 139483K [0x0000000080000000, 0x0000000100000000)
  region size 1024K, 13 young (13312K), 13 survivors (13312K)
 Metaspace       used 119152K, committed 121536K, reserved 557056K
  class space    used 16342K, committed 17536K, reserved 425984K
}
Event: 27.833 GC heap before
{Heap before GC invocations=52 (full 0):
 garbage-first heap   total 243712K, used 219355K [0x0000000080000000, 0x0000000100000000)
  region size 1024K, 88 young (90112K), 13 survivors (13312K)
 Metaspace       used 122093K, committed 124480K, reserved 557056K
  class space    used 16720K, committed 17920K, reserved 425984K
}
Event: 27.856 GC heap after
{Heap after GC invocations=53 (full 0):
 garbage-first heap   total 244736K, used 150449K [0x0000000080000000, 0x0000000100000000)
  region size 1024K, 8 young (8192K), 8 survivors (8192K)
 Metaspace       used 122093K, committed 124480K, reserved 557056K
  class space    used 16720K, committed 17920K, reserved 425984K
}
Event: 29.000 GC heap before
{Heap before GC invocations=53 (full 0):
 garbage-first heap   total 244736K, used 223153K [0x0000000080000000, 0x0000000100000000)
  region size 1024K, 79 young (80896K), 8 survivors (8192K)
 Metaspace       used 127103K, committed 129408K, reserved 557056K
  class space    used 17379K, committed 18560K, reserved 425984K
}
Event: 29.018 GC heap after
{Heap after GC invocations=54 (full 0):
 garbage-first heap   total 244736K, used 157696K [0x0000000080000000, 0x0000000100000000)
  region size 1024K, 7 young (7168K), 7 survivors (7168K)
 Metaspace       used 127103K, committed 129408K, reserved 557056K
  class space    used 17379K, committed 18560K, reserved 425984K
}

